[2019-06-09 13:52:25] (ERROR @ C:\Users\bogda\Downloads\OSPanel\domains\faywi\core\xpdo\xpdo.class.php : 644) Could not load class: modTransliterate from translit.modtransliterate.
[2019-06-09 13:52:25] (ERROR @ C:\Users\bogda\Downloads\OSPanel\domains\faywi\core\xpdo\xpdo.class.php : 1247) Problem getting service translit, instance of class translit.modTransliterate, from path C:/Users/bogda/Downloads/OSPanel/domains/faywi/core/components/
[2019-06-09 13:52:47] (ERROR @ C:\Users\bogda\Downloads\OSPanel\domains\faywi\core\xpdo\xpdo.class.php : 644) Could not load class: modTransliterate from translit.modtransliterate.
[2019-06-09 13:52:47] (ERROR @ C:\Users\bogda\Downloads\OSPanel\domains\faywi\core\xpdo\xpdo.class.php : 1247) Problem getting service translit, instance of class translit.modTransliterate, from path C:/Users/bogda/Downloads/OSPanel/domains/faywi/core/components/
[2019-06-09 13:55:02] (ERROR in xPDO::getService @ C:\Users\bogda\Downloads\OSPanel\domains\faywi\core\xpdo\xpdo.class.php : 1234) modRestClient::__construct is deprecated since version 2.3.0. Use the modRest classes instead.
[2019-06-09 13:55:02] (ERROR in xPDO::getService @ C:\Users\bogda\Downloads\OSPanel\domains\faywi\core\xpdo\xpdo.class.php : 1234) modRestClient::__construct is deprecated since version 2.3.0. Use the modRest classes instead.
[2019-06-09 13:55:02] (ERROR in modRestCurlClient::__construct @ C:\Users\bogda\Downloads\OSPanel\domains\faywi\core\model\modx\rest\modrestcurlclient.class.php : 26) modRestClient::__construct is deprecated since version 2.3.0. Use the modRest classes instead.
[2019-06-09 13:55:16] (ERROR in xPDO::getService @ C:\Users\bogda\Downloads\OSPanel\domains\faywi\core\xpdo\xpdo.class.php : 1234) modRestClient::__construct is deprecated since version 2.3.0. Use the modRest classes instead.
[2019-06-09 13:55:16] (ERROR in modRestCurlClient::__construct @ C:\Users\bogda\Downloads\OSPanel\domains\faywi\core\model\modx\rest\modrestcurlclient.class.php : 26) modRestClient::__construct is deprecated since version 2.3.0. Use the modRest classes instead.
[2019-06-09 13:55:16] (ERROR in xPDO::getService @ C:\Users\bogda\Downloads\OSPanel\domains\faywi\core\xpdo\xpdo.class.php : 1234) modRestClient::__construct is deprecated since version 2.3.0. Use the modRest classes instead.
[2019-06-09 13:55:16] (ERROR in modRestCurlClient::__construct @ C:\Users\bogda\Downloads\OSPanel\domains\faywi\core\model\modx\rest\modrestcurlclient.class.php : 26) modRestClient::__construct is deprecated since version 2.3.0. Use the modRest classes instead.
[2019-06-09 13:55:22] (ERROR in xPDO::getService @ C:\Users\bogda\Downloads\OSPanel\domains\faywi\core\xpdo\xpdo.class.php : 1234) modRestClient::__construct is deprecated since version 2.3.0. Use the modRest classes instead.
[2019-06-09 13:55:22] (ERROR in modRestCurlClient::__construct @ C:\Users\bogda\Downloads\OSPanel\domains\faywi\core\model\modx\rest\modrestcurlclient.class.php : 26) modRestClient::__construct is deprecated since version 2.3.0. Use the modRest classes instead.
[2019-06-09 13:55:27] (ERROR in xPDO::getService @ C:\Users\bogda\Downloads\OSPanel\domains\faywi\core\xpdo\xpdo.class.php : 1234) modRestClient::__construct is deprecated since version 2.3.0. Use the modRest classes instead.
[2019-06-09 13:55:27] (ERROR in modRestCurlClient::__construct @ C:\Users\bogda\Downloads\OSPanel\domains\faywi\core\model\modx\rest\modrestcurlclient.class.php : 26) modRestClient::__construct is deprecated since version 2.3.0. Use the modRest classes instead.
[2019-06-09 13:55:41] (ERROR in xPDO::getService @ C:\Users\bogda\Downloads\OSPanel\domains\faywi\core\xpdo\xpdo.class.php : 1234) modRestClient::__construct is deprecated since version 2.3.0. Use the modRest classes instead.
[2019-06-09 13:55:41] (ERROR in xPDO::getService @ C:\Users\bogda\Downloads\OSPanel\domains\faywi\core\xpdo\xpdo.class.php : 1234) modRestClient::__construct is deprecated since version 2.3.0. Use the modRest classes instead.
[2019-06-09 13:55:41] (ERROR in modRestCurlClient::__construct @ C:\Users\bogda\Downloads\OSPanel\domains\faywi\core\model\modx\rest\modrestcurlclient.class.php : 26) modRestClient::__construct is deprecated since version 2.3.0. Use the modRest classes instead.
[2019-06-09 13:55:54] (ERROR in xPDO::getService @ C:\Users\bogda\Downloads\OSPanel\domains\faywi\core\xpdo\xpdo.class.php : 1234) modRestClient::__construct is deprecated since version 2.3.0. Use the modRest classes instead.
[2019-06-09 13:55:54] (ERROR in modRestCurlClient::__construct @ C:\Users\bogda\Downloads\OSPanel\domains\faywi\core\model\modx\rest\modrestcurlclient.class.php : 26) modRestClient::__construct is deprecated since version 2.3.0. Use the modRest classes instead.
[2019-06-09 13:55:54] (ERROR in xPDO::getService @ C:\Users\bogda\Downloads\OSPanel\domains\faywi\core\xpdo\xpdo.class.php : 1234) modRestClient::__construct is deprecated since version 2.3.0. Use the modRest classes instead.
[2019-06-09 13:55:54] (ERROR in modRestCurlClient::__construct @ C:\Users\bogda\Downloads\OSPanel\domains\faywi\core\model\modx\rest\modrestcurlclient.class.php : 26) modRestClient::__construct is deprecated since version 2.3.0. Use the modRest classes instead.
[2019-06-09 13:56:01] (ERROR in xPDO::getService @ C:\Users\bogda\Downloads\OSPanel\domains\faywi\core\xpdo\xpdo.class.php : 1234) modRestClient::__construct is deprecated since version 2.3.0. Use the modRest classes instead.
[2019-06-09 13:56:01] (ERROR in modRestCurlClient::__construct @ C:\Users\bogda\Downloads\OSPanel\domains\faywi\core\model\modx\rest\modrestcurlclient.class.php : 26) modRestClient::__construct is deprecated since version 2.3.0. Use the modRest classes instead.
[2019-06-09 14:24:03] (ERROR in xPDO::getService @ C:\Users\bogda\Downloads\OSPanel\domains\faywi\core\xpdo\xpdo.class.php : 1234) modRestClient::__construct is deprecated since version 2.3.0. Use the modRest classes instead.
[2019-06-09 14:24:03] (ERROR in modRestCurlClient::__construct @ C:\Users\bogda\Downloads\OSPanel\domains\faywi\core\model\modx\rest\modrestcurlclient.class.php : 26) modRestClient::__construct is deprecated since version 2.3.0. Use the modRest classes instead.
[2019-06-09 14:24:03] (ERROR in xPDO::getService @ C:\Users\bogda\Downloads\OSPanel\domains\faywi\core\xpdo\xpdo.class.php : 1234) modRestClient::__construct is deprecated since version 2.3.0. Use the modRest classes instead.
[2019-06-09 14:24:03] (ERROR in modRestCurlClient::__construct @ C:\Users\bogda\Downloads\OSPanel\domains\faywi\core\model\modx\rest\modrestcurlclient.class.php : 26) modRestClient::__construct is deprecated since version 2.3.0. Use the modRest classes instead.
[2019-06-09 14:24:03] (ERROR in xPDO::getService @ C:\Users\bogda\Downloads\OSPanel\domains\faywi\core\xpdo\xpdo.class.php : 1234) modRestClient::__construct is deprecated since version 2.3.0. Use the modRest classes instead.
[2019-06-09 14:24:03] (ERROR in modRestCurlClient::__construct @ C:\Users\bogda\Downloads\OSPanel\domains\faywi\core\model\modx\rest\modrestcurlclient.class.php : 26) modRestClient::__construct is deprecated since version 2.3.0. Use the modRest classes instead.
[2019-06-09 14:24:05] (ERROR in xPDO::getService @ C:\Users\bogda\Downloads\OSPanel\domains\faywi\core\xpdo\xpdo.class.php : 1234) modRestClient::__construct is deprecated since version 2.3.0. Use the modRest classes instead.
[2019-06-09 14:24:05] (ERROR in modRestCurlClient::__construct @ C:\Users\bogda\Downloads\OSPanel\domains\faywi\core\model\modx\rest\modrestcurlclient.class.php : 26) modRestClient::__construct is deprecated since version 2.3.0. Use the modRest classes instead.
[2019-06-09 14:24:05] (ERROR in xPDO::getService @ C:\Users\bogda\Downloads\OSPanel\domains\faywi\core\xpdo\xpdo.class.php : 1234) modRestClient::__construct is deprecated since version 2.3.0. Use the modRest classes instead.
[2019-06-09 14:24:05] (ERROR in modRestCurlClient::__construct @ C:\Users\bogda\Downloads\OSPanel\domains\faywi\core\model\modx\rest\modrestcurlclient.class.php : 26) modRestClient::__construct is deprecated since version 2.3.0. Use the modRest classes instead.
[2019-06-09 14:24:11] (ERROR in xPDO::getService @ C:\Users\bogda\Downloads\OSPanel\domains\faywi\core\xpdo\xpdo.class.php : 1234) modRestClient::__construct is deprecated since version 2.3.0. Use the modRest classes instead.
[2019-06-09 14:24:11] (ERROR in modRestCurlClient::__construct @ C:\Users\bogda\Downloads\OSPanel\domains\faywi\core\model\modx\rest\modrestcurlclient.class.php : 26) modRestClient::__construct is deprecated since version 2.3.0. Use the modRest classes instead.
[2019-06-09 14:24:16] (ERROR in xPDO::getService @ C:\Users\bogda\Downloads\OSPanel\domains\faywi\core\xpdo\xpdo.class.php : 1234) modRestClient::__construct is deprecated since version 2.3.0. Use the modRest classes instead.
[2019-06-09 14:24:16] (ERROR in modRestCurlClient::__construct @ C:\Users\bogda\Downloads\OSPanel\domains\faywi\core\model\modx\rest\modrestcurlclient.class.php : 26) modRestClient::__construct is deprecated since version 2.3.0. Use the modRest classes instead.
[2019-06-09 14:24:28] (ERROR in xPDO::getService @ C:\Users\bogda\Downloads\OSPanel\domains\faywi\core\xpdo\xpdo.class.php : 1234) modRestClient::__construct is deprecated since version 2.3.0. Use the modRest classes instead.
[2019-06-09 14:24:28] (ERROR in modRestCurlClient::__construct @ C:\Users\bogda\Downloads\OSPanel\domains\faywi\core\model\modx\rest\modrestcurlclient.class.php : 26) modRestClient::__construct is deprecated since version 2.3.0. Use the modRest classes instead.
[2019-06-09 14:24:28] (ERROR in xPDO::getService @ C:\Users\bogda\Downloads\OSPanel\domains\faywi\core\xpdo\xpdo.class.php : 1234) modRestClient::__construct is deprecated since version 2.3.0. Use the modRest classes instead.
[2019-06-09 14:24:28] (ERROR in modRestCurlClient::__construct @ C:\Users\bogda\Downloads\OSPanel\domains\faywi\core\model\modx\rest\modrestcurlclient.class.php : 26) modRestClient::__construct is deprecated since version 2.3.0. Use the modRest classes instead.
[2019-06-09 14:24:47] (ERROR in xPDO::getService @ C:\Users\bogda\Downloads\OSPanel\domains\faywi\core\xpdo\xpdo.class.php : 1234) modRestClient::__construct is deprecated since version 2.3.0. Use the modRest classes instead.
[2019-06-09 14:24:47] (ERROR in modRestCurlClient::__construct @ C:\Users\bogda\Downloads\OSPanel\domains\faywi\core\model\modx\rest\modrestcurlclient.class.php : 26) modRestClient::__construct is deprecated since version 2.3.0. Use the modRest classes instead.
[2019-06-09 14:24:49] (ERROR in xPDO::getService @ C:\Users\bogda\Downloads\OSPanel\domains\faywi\core\xpdo\xpdo.class.php : 1234) modRestClient::__construct is deprecated since version 2.3.0. Use the modRest classes instead.
[2019-06-09 14:24:49] (ERROR in modRestCurlClient::__construct @ C:\Users\bogda\Downloads\OSPanel\domains\faywi\core\model\modx\rest\modrestcurlclient.class.php : 26) modRestClient::__construct is deprecated since version 2.3.0. Use the modRest classes instead.
[2019-06-09 14:24:52] (ERROR in xPDO::getService @ C:\Users\bogda\Downloads\OSPanel\domains\faywi\core\xpdo\xpdo.class.php : 1234) modRestClient::__construct is deprecated since version 2.3.0. Use the modRest classes instead.
[2019-06-09 14:24:52] (ERROR in modRestCurlClient::__construct @ C:\Users\bogda\Downloads\OSPanel\domains\faywi\core\model\modx\rest\modrestcurlclient.class.php : 26) modRestClient::__construct is deprecated since version 2.3.0. Use the modRest classes instead.
[2019-06-09 14:24:52] (ERROR in xPDO::getService @ C:\Users\bogda\Downloads\OSPanel\domains\faywi\core\xpdo\xpdo.class.php : 1234) modRestClient::__construct is deprecated since version 2.3.0. Use the modRest classes instead.
[2019-06-09 14:24:52] (ERROR in modRestCurlClient::__construct @ C:\Users\bogda\Downloads\OSPanel\domains\faywi\core\model\modx\rest\modrestcurlclient.class.php : 26) modRestClient::__construct is deprecated since version 2.3.0. Use the modRest classes instead.
[2019-06-09 14:25:05] (ERROR in xPDO::getService @ C:\Users\bogda\Downloads\OSPanel\domains\faywi\core\xpdo\xpdo.class.php : 1234) modRestClient::__construct is deprecated since version 2.3.0. Use the modRest classes instead.
[2019-06-09 14:25:05] (ERROR in modRestCurlClient::__construct @ C:\Users\bogda\Downloads\OSPanel\domains\faywi\core\model\modx\rest\modrestcurlclient.class.php : 26) modRestClient::__construct is deprecated since version 2.3.0. Use the modRest classes instead.
[2019-06-09 14:25:05] (ERROR in xPDO::getService @ C:\Users\bogda\Downloads\OSPanel\domains\faywi\core\xpdo\xpdo.class.php : 1234) modRestClient::__construct is deprecated since version 2.3.0. Use the modRest classes instead.
[2019-06-09 14:25:05] (ERROR in modRestCurlClient::__construct @ C:\Users\bogda\Downloads\OSPanel\domains\faywi\core\model\modx\rest\modrestcurlclient.class.php : 26) modRestClient::__construct is deprecated since version 2.3.0. Use the modRest classes instead.
[2019-06-09 14:25:13] (ERROR in xPDO::getService @ C:\Users\bogda\Downloads\OSPanel\domains\faywi\core\xpdo\xpdo.class.php : 1234) modRestClient::__construct is deprecated since version 2.3.0. Use the modRest classes instead.
[2019-06-09 14:25:13] (ERROR in modRestCurlClient::__construct @ C:\Users\bogda\Downloads\OSPanel\domains\faywi\core\model\modx\rest\modrestcurlclient.class.php : 26) modRestClient::__construct is deprecated since version 2.3.0. Use the modRest classes instead.
[2019-06-09 14:25:21] (ERROR in xPDO::getService @ C:\Users\bogda\Downloads\OSPanel\domains\faywi\core\xpdo\xpdo.class.php : 1234) modRestClient::__construct is deprecated since version 2.3.0. Use the modRest classes instead.
[2019-06-09 14:25:21] (ERROR in modRestCurlClient::__construct @ C:\Users\bogda\Downloads\OSPanel\domains\faywi\core\model\modx\rest\modrestcurlclient.class.php : 26) modRestClient::__construct is deprecated since version 2.3.0. Use the modRest classes instead.
[2019-06-09 15:18:42] (ERROR in xPDO::getService @ C:\Users\bogda\Downloads\OSPanel\domains\faywi\core\xpdo\xpdo.class.php : 1234) modRestClient::__construct is deprecated since version 2.3.0. Use the modRest classes instead.
[2019-06-09 15:18:42] (ERROR in modRestCurlClient::__construct @ C:\Users\bogda\Downloads\OSPanel\domains\faywi\core\model\modx\rest\modrestcurlclient.class.php : 26) modRestClient::__construct is deprecated since version 2.3.0. Use the modRest classes instead.
[2019-06-09 15:18:42] (ERROR in xPDO::getService @ C:\Users\bogda\Downloads\OSPanel\domains\faywi\core\xpdo\xpdo.class.php : 1234) modRestClient::__construct is deprecated since version 2.3.0. Use the modRest classes instead.
[2019-06-09 15:18:42] (ERROR in modRestCurlClient::__construct @ C:\Users\bogda\Downloads\OSPanel\domains\faywi\core\model\modx\rest\modrestcurlclient.class.php : 26) modRestClient::__construct is deprecated since version 2.3.0. Use the modRest classes instead.
[2019-06-09 15:19:05] (ERROR in xPDO::getService @ C:\Users\bogda\Downloads\OSPanel\domains\faywi\core\xpdo\xpdo.class.php : 1234) modRestClient::__construct is deprecated since version 2.3.0. Use the modRest classes instead.
[2019-06-09 15:19:05] (ERROR in modRestCurlClient::__construct @ C:\Users\bogda\Downloads\OSPanel\domains\faywi\core\model\modx\rest\modrestcurlclient.class.php : 26) modRestClient::__construct is deprecated since version 2.3.0. Use the modRest classes instead.
[2019-06-09 15:19:05] (ERROR in xPDO::getService @ C:\Users\bogda\Downloads\OSPanel\domains\faywi\core\xpdo\xpdo.class.php : 1234) modRestClient::__construct is deprecated since version 2.3.0. Use the modRest classes instead.
[2019-06-09 15:19:05] (ERROR in modRestCurlClient::__construct @ C:\Users\bogda\Downloads\OSPanel\domains\faywi\core\model\modx\rest\modrestcurlclient.class.php : 26) modRestClient::__construct is deprecated since version 2.3.0. Use the modRest classes instead.
[2019-06-09 15:19:15] (ERROR in xPDO::getService @ C:\Users\bogda\Downloads\OSPanel\domains\faywi\core\xpdo\xpdo.class.php : 1234) modRestClient::__construct is deprecated since version 2.3.0. Use the modRest classes instead.
[2019-06-09 15:19:15] (ERROR in modRestCurlClient::__construct @ C:\Users\bogda\Downloads\OSPanel\domains\faywi\core\model\modx\rest\modrestcurlclient.class.php : 26) modRestClient::__construct is deprecated since version 2.3.0. Use the modRest classes instead.
[2019-06-09 15:19:15] (ERROR in xPDO::getService @ C:\Users\bogda\Downloads\OSPanel\domains\faywi\core\xpdo\xpdo.class.php : 1234) modRestClient::__construct is deprecated since version 2.3.0. Use the modRest classes instead.
[2019-06-09 15:19:15] (ERROR in modRestCurlClient::__construct @ C:\Users\bogda\Downloads\OSPanel\domains\faywi\core\model\modx\rest\modrestcurlclient.class.php : 26) modRestClient::__construct is deprecated since version 2.3.0. Use the modRest classes instead.
[2019-06-19 21:28:12] (ERROR in xPDO::getService @ C:\Users\bogda\Downloads\OSPanel\domains\faywi\core\xpdo\xpdo.class.php : 1234) modRestClient::__construct is deprecated since version 2.3.0. Use the modRest classes instead.
[2019-06-19 21:28:12] (ERROR in modRestCurlClient::__construct @ C:\Users\bogda\Downloads\OSPanel\domains\faywi\core\model\modx\rest\modrestcurlclient.class.php : 26) modRestClient::__construct is deprecated since version 2.3.0. Use the modRest classes instead.
[2019-06-19 21:28:12] (ERROR in xPDO::getService @ C:\Users\bogda\Downloads\OSPanel\domains\faywi\core\xpdo\xpdo.class.php : 1234) modRestClient::__construct is deprecated since version 2.3.0. Use the modRest classes instead.
[2019-06-19 21:28:12] (ERROR in modRestCurlClient::__construct @ C:\Users\bogda\Downloads\OSPanel\domains\faywi\core\model\modx\rest\modrestcurlclient.class.php : 26) modRestClient::__construct is deprecated since version 2.3.0. Use the modRest classes instead.
[2019-06-19 21:32:22] (ERROR @ C:\Users\bogda\Downloads\OSPanel\domains\faywi\core\model\modx\modcachemanager.class.php : 349) Error caching lexicon topic lexicon/ru/core/default
[2019-06-19 21:44:16] (ERROR @ C:\Users\bogda\Downloads\OSPanel\domains\faywi\core\model\modx\modcachemanager.class.php : 349) Error caching lexicon topic lexicon/ru/core/default
[2019-06-19 22:10:26] (ERROR @ C:\Users\bogda\Downloads\OSPanel\domains\faywi\core\model\modx\modcachemanager.class.php : 349) Error caching lexicon topic lexicon/ru/core/default
[2019-12-20 12:25:15] (ERROR in xPDOConnection::connect @ C:\Users\bogda\Downloads\OSPanel\domains\faywi\core\xpdo\xpdo.class.php : 3119) SQLSTATE[HY000] [1049] Unknown database 'faywi_bd'
[2019-12-20 12:25:15] (ERROR @ C:\Users\bogda\Downloads\OSPanel\domains\faywi\core\xpdo\om\xpdoquery.class.php : 652) Could not construct or prepare query because it is invalid or could not connect: SELECT `modExtensionPackage`.`id`, `modExtensionPackage`.`namespace`, `modExtensionPackage`.`name`, `modExtensionPackage`.`path`, `modExtensionPackage`.`table_prefix`, `modExtensionPackage`.`service_class`, `modExtensionPackage`.`service_name`, `modExtensionPackage`.`created_at`, `modExtensionPackage`.`updated_at`, Namespace.path AS namespace_path FROM `modx_extension_packages` AS `modExtensionPackage` JOIN `modx_namespaces` `Namespace` ON `modExtensionPackage`.`namespace` =  `Namespace`.`name` ORDER BY namespace ASC 
[2019-12-20 12:25:16] (ERROR in xPDOConnection::connect @ C:\Users\bogda\Downloads\OSPanel\domains\faywi\core\xpdo\xpdo.class.php : 3119) SQLSTATE[HY000] [1049] Unknown database 'faywi_bd'
[2019-12-20 12:25:16] (ERROR @ C:\Users\bogda\Downloads\OSPanel\domains\faywi\core\xpdo\om\xpdoquery.class.php : 652) Could not construct or prepare query because it is invalid or could not connect: SELECT `modSession`.`id` AS `modSession_id`, `modSession`.`access` AS `modSession_access`, `modSession`.`data` AS `modSession_data` FROM `modx_session` AS `modSession` WHERE `modSession`.`id` = ? 
[2019-12-20 12:25:16] (ERROR in xPDOConnection::connect @ C:\Users\bogda\Downloads\OSPanel\domains\faywi\core\xpdo\xpdo.class.php : 3119) SQLSTATE[HY000] [1049] Unknown database 'faywi_bd'
[2019-12-20 12:25:16] (ERROR @ C:\Users\bogda\Downloads\OSPanel\domains\faywi\core\xpdo\om\xpdoobject.class.php : 263) Error preparing statement for query: SELECT `modSession`.`id` AS `modSession_id`, `modSession`.`access` AS `modSession_access`, `modSession`.`data` AS `modSession_data` FROM `modx_session` AS `modSession` WHERE `modSession`.`id` = ?  - 
[2019-12-20 12:25:16] (ERROR in xPDOConnection::connect @ C:\Users\bogda\Downloads\OSPanel\domains\faywi\core\xpdo\xpdo.class.php : 3119) SQLSTATE[HY000] [1049] Unknown database 'faywi_bd'
[2019-12-20 12:25:16] (ERROR @ C:\Users\bogda\Downloads\OSPanel\domains\faywi\core\xpdo\om\xpdoquery.class.php : 652) Could not construct or prepare query because it is invalid or could not connect: SELECT modAccessContext.id, modAccessContext.target, modAccessContext.principal, modAccessContext.authority, modAccessContext.policy, Policy.data FROM `modx_access_context` AS `modAccessContext` LEFT JOIN `modx_access_policies` `Policy` ON `modAccessContext`.`policy` =  `Policy`.`id` WHERE  ( `modAccessContext`.`principal_class` = ? AND `modAccessContext`.`target` = ? )  ORDER BY modAccessContext.target,modAccessContext.principal,modAccessContext.authority,modAccessContext.policy ASC 
[2019-12-20 12:25:16] (ERROR in xPDOConnection::connect @ C:\Users\bogda\Downloads\OSPanel\domains\faywi\core\xpdo\xpdo.class.php : 3119) SQLSTATE[HY000] [1049] Unknown database 'faywi_bd'
[2019-12-20 12:25:16] (ERROR @ C:\Users\bogda\Downloads\OSPanel\domains\faywi\core\xpdo\om\xpdoobject.class.php : 263) Error preparing statement for query: SELECT modAccessContext.id, modAccessContext.target, modAccessContext.principal, modAccessContext.authority, modAccessContext.policy, Policy.data FROM `modx_access_context` AS `modAccessContext` LEFT JOIN `modx_access_policies` `Policy` ON `modAccessContext`.`policy` =  `Policy`.`id` WHERE  ( `modAccessContext`.`principal_class` = ? AND `modAccessContext`.`target` = ? )  ORDER BY modAccessContext.target,modAccessContext.principal,modAccessContext.authority,modAccessContext.policy ASC  - 
[2019-12-20 12:25:16] (ERROR in xPDOConnection::connect @ C:\Users\bogda\Downloads\OSPanel\domains\faywi\core\xpdo\xpdo.class.php : 3119) SQLSTATE[HY000] [1049] Unknown database 'faywi_bd'
[2019-12-20 12:25:16] (ERROR @ C:\Users\bogda\Downloads\OSPanel\domains\faywi\core\xpdo\om\xpdoquery.class.php : 652) Could not construct or prepare query because it is invalid or could not connect: SELECT `modResource`.* FROM `modx_site_content` AS `modResource` WHERE  ( `modResource`.`id` = ? AND `modResource`.`deleted` = ? )  
[2019-12-20 12:25:16] (ERROR in xPDOConnection::connect @ C:\Users\bogda\Downloads\OSPanel\domains\faywi\core\xpdo\xpdo.class.php : 3119) SQLSTATE[HY000] [1049] Unknown database 'faywi_bd'
[2019-12-20 12:25:16] (ERROR @ C:\Users\bogda\Downloads\OSPanel\domains\faywi\core\xpdo\om\xpdoobject.class.php : 263) Error preparing statement for query: SELECT `modResource`.* FROM `modx_site_content` AS `modResource` WHERE  ( `modResource`.`id` = ? AND `modResource`.`deleted` = ? )   - 
[2019-12-20 12:25:16] (ERROR in xPDOConnection::connect @ C:\Users\bogda\Downloads\OSPanel\domains\faywi\core\xpdo\xpdo.class.php : 3119) SQLSTATE[HY000] [1049] Unknown database 'faywi_bd'
[2019-12-20 12:25:16] (ERROR @ C:\Users\bogda\Downloads\OSPanel\domains\faywi\core\xpdo\om\xpdoquery.class.php : 652) Could not construct or prepare query because it is invalid or could not connect: SELECT `modResource`.* FROM `modx_site_content` AS `modResource` WHERE  ( `modResource`.`id` = ? AND `modResource`.`deleted` = ? )  
[2019-12-20 12:25:16] (ERROR in xPDOConnection::connect @ C:\Users\bogda\Downloads\OSPanel\domains\faywi\core\xpdo\xpdo.class.php : 3119) SQLSTATE[HY000] [1049] Unknown database 'faywi_bd'
[2019-12-20 12:25:16] (ERROR @ C:\Users\bogda\Downloads\OSPanel\domains\faywi\core\xpdo\om\xpdoobject.class.php : 263) Error preparing statement for query: SELECT `modResource`.* FROM `modx_site_content` AS `modResource` WHERE  ( `modResource`.`id` = ? AND `modResource`.`deleted` = ? )   - 
[2019-12-20 12:25:16] (ERROR in xPDOConnection::connect @ C:\Users\bogda\Downloads\OSPanel\domains\faywi\core\xpdo\xpdo.class.php : 3119) SQLSTATE[HY000] [1049] Unknown database 'faywi_bd'
[2019-12-20 12:25:16] (ERROR @ C:\Users\bogda\Downloads\OSPanel\domains\faywi\core\xpdo\om\xpdoquery.class.php : 652) Could not construct or prepare query because it is invalid or could not connect: SELECT `modSession`.`id` AS `modSession_id`, `modSession`.`access` AS `modSession_access`, `modSession`.`data` AS `modSession_data` FROM `modx_session` AS `modSession` WHERE `modSession`.`id` = ? 
[2019-12-20 12:25:16] (ERROR in xPDOConnection::connect @ C:\Users\bogda\Downloads\OSPanel\domains\faywi\core\xpdo\xpdo.class.php : 3119) SQLSTATE[HY000] [1049] Unknown database 'faywi_bd'
[2019-12-20 12:25:16] (ERROR @ C:\Users\bogda\Downloads\OSPanel\domains\faywi\core\xpdo\om\xpdoobject.class.php : 263) Error preparing statement for query: SELECT `modSession`.`id` AS `modSession_id`, `modSession`.`access` AS `modSession_access`, `modSession`.`data` AS `modSession_data` FROM `modx_session` AS `modSession` WHERE `modSession`.`id` = ?  - 
[2019-12-20 12:25:16] (ERROR in xPDOConnection::connect @ C:\Users\bogda\Downloads\OSPanel\domains\faywi\core\xpdo\xpdo.class.php : 3119) SQLSTATE[HY000] [1049] Unknown database 'faywi_bd'
[2019-12-20 12:25:16] (ERROR in xPDOConnection::connect @ C:\Users\bogda\Downloads\OSPanel\domains\faywi\core\xpdo\xpdo.class.php : 3119) SQLSTATE[HY000] [1049] Unknown database 'faywi_bd'
[2019-12-20 12:25:17] (ERROR in xPDOConnection::connect @ C:\Users\bogda\Downloads\OSPanel\domains\faywi\core\xpdo\xpdo.class.php : 3119) SQLSTATE[HY000] [1049] Unknown database 'faywi_bd'
[2019-12-20 12:25:17] (ERROR @ C:\Users\bogda\Downloads\OSPanel\domains\faywi\core\xpdo\om\xpdoquery.class.php : 652) Could not construct or prepare query because it is invalid or could not connect: SELECT `modExtensionPackage`.`id`, `modExtensionPackage`.`namespace`, `modExtensionPackage`.`name`, `modExtensionPackage`.`path`, `modExtensionPackage`.`table_prefix`, `modExtensionPackage`.`service_class`, `modExtensionPackage`.`service_name`, `modExtensionPackage`.`created_at`, `modExtensionPackage`.`updated_at`, Namespace.path AS namespace_path FROM `modx_extension_packages` AS `modExtensionPackage` JOIN `modx_namespaces` `Namespace` ON `modExtensionPackage`.`namespace` =  `Namespace`.`name` ORDER BY namespace ASC 
[2019-12-20 12:25:17] (ERROR in xPDOConnection::connect @ C:\Users\bogda\Downloads\OSPanel\domains\faywi\core\xpdo\xpdo.class.php : 3119) SQLSTATE[HY000] [1049] Unknown database 'faywi_bd'
[2019-12-20 12:25:17] (ERROR @ C:\Users\bogda\Downloads\OSPanel\domains\faywi\core\xpdo\om\xpdoquery.class.php : 652) Could not construct or prepare query because it is invalid or could not connect: SELECT `modSession`.`id` AS `modSession_id`, `modSession`.`access` AS `modSession_access`, `modSession`.`data` AS `modSession_data` FROM `modx_session` AS `modSession` WHERE `modSession`.`id` = ? 
[2019-12-20 12:25:17] (ERROR in xPDOConnection::connect @ C:\Users\bogda\Downloads\OSPanel\domains\faywi\core\xpdo\xpdo.class.php : 3119) SQLSTATE[HY000] [1049] Unknown database 'faywi_bd'
[2019-12-20 12:25:17] (ERROR @ C:\Users\bogda\Downloads\OSPanel\domains\faywi\core\xpdo\om\xpdoobject.class.php : 263) Error preparing statement for query: SELECT `modSession`.`id` AS `modSession_id`, `modSession`.`access` AS `modSession_access`, `modSession`.`data` AS `modSession_data` FROM `modx_session` AS `modSession` WHERE `modSession`.`id` = ?  - 
[2019-12-20 12:25:17] (ERROR in xPDOConnection::connect @ C:\Users\bogda\Downloads\OSPanel\domains\faywi\core\xpdo\xpdo.class.php : 3119) SQLSTATE[HY000] [1049] Unknown database 'faywi_bd'
[2019-12-20 12:25:17] (ERROR @ C:\Users\bogda\Downloads\OSPanel\domains\faywi\core\xpdo\om\xpdoquery.class.php : 652) Could not construct or prepare query because it is invalid or could not connect: SELECT `id` FROM `modx_site_content` AS `modResource` WHERE  ( `modResource`.`context_key` = ? AND `modResource`.`uri` = ? AND `modResource`.`deleted` = ? )  
[2019-12-20 12:25:17] (ERROR in xPDOConnection::connect @ C:\Users\bogda\Downloads\OSPanel\domains\faywi\core\xpdo\xpdo.class.php : 3119) SQLSTATE[HY000] [1049] Unknown database 'faywi_bd'
[2019-12-20 12:25:17] (ERROR @ C:\Users\bogda\Downloads\OSPanel\domains\faywi\core\xpdo\om\xpdoquery.class.php : 652) Could not construct or prepare query because it is invalid or could not connect: SELECT `id` FROM `modx_site_content` AS `modResource` WHERE  ( `modResource`.`context_key` = ? AND `modResource`.`uri` = ? AND `modResource`.`deleted` = ? )  
[2019-12-20 12:25:17] (ERROR in xPDOConnection::connect @ C:\Users\bogda\Downloads\OSPanel\domains\faywi\core\xpdo\xpdo.class.php : 3119) SQLSTATE[HY000] [1049] Unknown database 'faywi_bd'
[2019-12-20 12:25:17] (ERROR @ C:\Users\bogda\Downloads\OSPanel\domains\faywi\core\xpdo\om\xpdoquery.class.php : 652) Could not construct or prepare query because it is invalid or could not connect: SELECT modAccessContext.id, modAccessContext.target, modAccessContext.principal, modAccessContext.authority, modAccessContext.policy, Policy.data FROM `modx_access_context` AS `modAccessContext` LEFT JOIN `modx_access_policies` `Policy` ON `modAccessContext`.`policy` =  `Policy`.`id` WHERE  ( `modAccessContext`.`principal_class` = ? AND `modAccessContext`.`target` = ? )  ORDER BY modAccessContext.target,modAccessContext.principal,modAccessContext.authority,modAccessContext.policy ASC 
[2019-12-20 12:25:17] (ERROR in xPDOConnection::connect @ C:\Users\bogda\Downloads\OSPanel\domains\faywi\core\xpdo\xpdo.class.php : 3119) SQLSTATE[HY000] [1049] Unknown database 'faywi_bd'
[2019-12-20 12:25:17] (ERROR @ C:\Users\bogda\Downloads\OSPanel\domains\faywi\core\xpdo\om\xpdoobject.class.php : 263) Error preparing statement for query: SELECT modAccessContext.id, modAccessContext.target, modAccessContext.principal, modAccessContext.authority, modAccessContext.policy, Policy.data FROM `modx_access_context` AS `modAccessContext` LEFT JOIN `modx_access_policies` `Policy` ON `modAccessContext`.`policy` =  `Policy`.`id` WHERE  ( `modAccessContext`.`principal_class` = ? AND `modAccessContext`.`target` = ? )  ORDER BY modAccessContext.target,modAccessContext.principal,modAccessContext.authority,modAccessContext.policy ASC  - 
[2019-12-20 12:25:17] (ERROR in xPDOConnection::connect @ C:\Users\bogda\Downloads\OSPanel\domains\faywi\core\xpdo\xpdo.class.php : 3119) SQLSTATE[HY000] [1049] Unknown database 'faywi_bd'
[2019-12-20 12:25:17] (ERROR @ C:\Users\bogda\Downloads\OSPanel\domains\faywi\core\xpdo\om\xpdoquery.class.php : 652) Could not construct or prepare query because it is invalid or could not connect: SELECT `modResource`.* FROM `modx_site_content` AS `modResource` WHERE  ( `modResource`.`id` = ? AND `modResource`.`deleted` = ? )  
[2019-12-20 12:25:17] (ERROR in xPDOConnection::connect @ C:\Users\bogda\Downloads\OSPanel\domains\faywi\core\xpdo\xpdo.class.php : 3119) SQLSTATE[HY000] [1049] Unknown database 'faywi_bd'
[2019-12-20 12:25:17] (ERROR @ C:\Users\bogda\Downloads\OSPanel\domains\faywi\core\xpdo\om\xpdoobject.class.php : 263) Error preparing statement for query: SELECT `modResource`.* FROM `modx_site_content` AS `modResource` WHERE  ( `modResource`.`id` = ? AND `modResource`.`deleted` = ? )   - 
[2019-12-20 12:25:17] (ERROR in xPDOConnection::connect @ C:\Users\bogda\Downloads\OSPanel\domains\faywi\core\xpdo\xpdo.class.php : 3119) SQLSTATE[HY000] [1049] Unknown database 'faywi_bd'
[2019-12-20 12:25:17] (ERROR @ C:\Users\bogda\Downloads\OSPanel\domains\faywi\core\xpdo\om\xpdoquery.class.php : 652) Could not construct or prepare query because it is invalid or could not connect: SELECT `modSession`.`id` AS `modSession_id`, `modSession`.`access` AS `modSession_access`, `modSession`.`data` AS `modSession_data` FROM `modx_session` AS `modSession` WHERE `modSession`.`id` = ? 
[2019-12-20 12:25:17] (ERROR in xPDOConnection::connect @ C:\Users\bogda\Downloads\OSPanel\domains\faywi\core\xpdo\xpdo.class.php : 3119) SQLSTATE[HY000] [1049] Unknown database 'faywi_bd'
[2019-12-20 12:25:17] (ERROR @ C:\Users\bogda\Downloads\OSPanel\domains\faywi\core\xpdo\om\xpdoobject.class.php : 263) Error preparing statement for query: SELECT `modSession`.`id` AS `modSession_id`, `modSession`.`access` AS `modSession_access`, `modSession`.`data` AS `modSession_data` FROM `modx_session` AS `modSession` WHERE `modSession`.`id` = ?  - 
[2019-12-20 12:25:17] (ERROR in xPDOConnection::connect @ C:\Users\bogda\Downloads\OSPanel\domains\faywi\core\xpdo\xpdo.class.php : 3119) SQLSTATE[HY000] [1049] Unknown database 'faywi_bd'
[2019-12-20 12:25:17] (ERROR in xPDOConnection::connect @ C:\Users\bogda\Downloads\OSPanel\domains\faywi\core\xpdo\xpdo.class.php : 3119) SQLSTATE[HY000] [1049] Unknown database 'faywi_bd'
[2019-12-20 12:25:31] (ERROR in xPDOConnection::connect @ C:\Users\bogda\Downloads\OSPanel\domains\faywi\core\xpdo\xpdo.class.php : 3119) SQLSTATE[HY000] [1049] Unknown database 'faywi_bd'
[2019-12-20 12:25:31] (ERROR @ C:\Users\bogda\Downloads\OSPanel\domains\faywi\core\xpdo\om\xpdoquery.class.php : 652) Could not construct or prepare query because it is invalid or could not connect: SELECT `modExtensionPackage`.`id`, `modExtensionPackage`.`namespace`, `modExtensionPackage`.`name`, `modExtensionPackage`.`path`, `modExtensionPackage`.`table_prefix`, `modExtensionPackage`.`service_class`, `modExtensionPackage`.`service_name`, `modExtensionPackage`.`created_at`, `modExtensionPackage`.`updated_at`, Namespace.path AS namespace_path FROM `modx_extension_packages` AS `modExtensionPackage` JOIN `modx_namespaces` `Namespace` ON `modExtensionPackage`.`namespace` =  `Namespace`.`name` ORDER BY namespace ASC 
[2019-12-20 12:25:31] (ERROR in xPDOConnection::connect @ C:\Users\bogda\Downloads\OSPanel\domains\faywi\core\xpdo\xpdo.class.php : 3119) SQLSTATE[HY000] [1049] Unknown database 'faywi_bd'
[2019-12-20 12:25:31] (ERROR @ C:\Users\bogda\Downloads\OSPanel\domains\faywi\core\xpdo\om\xpdoquery.class.php : 652) Could not construct or prepare query because it is invalid or could not connect: SELECT `modSession`.`id` AS `modSession_id`, `modSession`.`access` AS `modSession_access`, `modSession`.`data` AS `modSession_data` FROM `modx_session` AS `modSession` WHERE `modSession`.`id` = ? 
[2019-12-20 12:25:31] (ERROR in xPDOConnection::connect @ C:\Users\bogda\Downloads\OSPanel\domains\faywi\core\xpdo\xpdo.class.php : 3119) SQLSTATE[HY000] [1049] Unknown database 'faywi_bd'
[2019-12-20 12:25:31] (ERROR @ C:\Users\bogda\Downloads\OSPanel\domains\faywi\core\xpdo\om\xpdoobject.class.php : 263) Error preparing statement for query: SELECT `modSession`.`id` AS `modSession_id`, `modSession`.`access` AS `modSession_access`, `modSession`.`data` AS `modSession_data` FROM `modx_session` AS `modSession` WHERE `modSession`.`id` = ?  - 
[2019-12-20 12:25:31] (ERROR in xPDOConnection::connect @ C:\Users\bogda\Downloads\OSPanel\domains\faywi\core\xpdo\xpdo.class.php : 3119) SQLSTATE[HY000] [1049] Unknown database 'faywi_bd'
[2019-12-20 12:25:31] (ERROR @ C:\Users\bogda\Downloads\OSPanel\domains\faywi\core\xpdo\om\xpdoquery.class.php : 652) Could not construct or prepare query because it is invalid or could not connect: SELECT modAccessContext.id, modAccessContext.target, modAccessContext.principal, modAccessContext.authority, modAccessContext.policy, Policy.data FROM `modx_access_context` AS `modAccessContext` LEFT JOIN `modx_access_policies` `Policy` ON `modAccessContext`.`policy` =  `Policy`.`id` WHERE  ( `modAccessContext`.`principal_class` = ? AND `modAccessContext`.`target` = ? )  ORDER BY modAccessContext.target,modAccessContext.principal,modAccessContext.authority,modAccessContext.policy ASC 
[2019-12-20 12:25:31] (ERROR in xPDOConnection::connect @ C:\Users\bogda\Downloads\OSPanel\domains\faywi\core\xpdo\xpdo.class.php : 3119) SQLSTATE[HY000] [1049] Unknown database 'faywi_bd'
[2019-12-20 12:25:31] (ERROR @ C:\Users\bogda\Downloads\OSPanel\domains\faywi\core\xpdo\om\xpdoobject.class.php : 263) Error preparing statement for query: SELECT modAccessContext.id, modAccessContext.target, modAccessContext.principal, modAccessContext.authority, modAccessContext.policy, Policy.data FROM `modx_access_context` AS `modAccessContext` LEFT JOIN `modx_access_policies` `Policy` ON `modAccessContext`.`policy` =  `Policy`.`id` WHERE  ( `modAccessContext`.`principal_class` = ? AND `modAccessContext`.`target` = ? )  ORDER BY modAccessContext.target,modAccessContext.principal,modAccessContext.authority,modAccessContext.policy ASC  - 
[2019-12-20 12:25:31] (ERROR in xPDOConnection::connect @ C:\Users\bogda\Downloads\OSPanel\domains\faywi\core\xpdo\xpdo.class.php : 3119) SQLSTATE[HY000] [1049] Unknown database 'faywi_bd'
[2019-12-20 12:25:31] (ERROR @ C:\Users\bogda\Downloads\OSPanel\domains\faywi\core\xpdo\om\xpdoquery.class.php : 652) Could not construct or prepare query because it is invalid or could not connect: SELECT `modResource`.* FROM `modx_site_content` AS `modResource` WHERE  ( `modResource`.`id` = ? AND `modResource`.`deleted` = ? )  
[2019-12-20 12:25:31] (ERROR in xPDOConnection::connect @ C:\Users\bogda\Downloads\OSPanel\domains\faywi\core\xpdo\xpdo.class.php : 3119) SQLSTATE[HY000] [1049] Unknown database 'faywi_bd'
[2019-12-20 12:25:31] (ERROR @ C:\Users\bogda\Downloads\OSPanel\domains\faywi\core\xpdo\om\xpdoobject.class.php : 263) Error preparing statement for query: SELECT `modResource`.* FROM `modx_site_content` AS `modResource` WHERE  ( `modResource`.`id` = ? AND `modResource`.`deleted` = ? )   - 
[2019-12-20 12:25:31] (ERROR in xPDOConnection::connect @ C:\Users\bogda\Downloads\OSPanel\domains\faywi\core\xpdo\xpdo.class.php : 3119) SQLSTATE[HY000] [1049] Unknown database 'faywi_bd'
[2019-12-20 12:25:31] (ERROR @ C:\Users\bogda\Downloads\OSPanel\domains\faywi\core\xpdo\om\xpdoquery.class.php : 652) Could not construct or prepare query because it is invalid or could not connect: SELECT `modResource`.* FROM `modx_site_content` AS `modResource` WHERE  ( `modResource`.`id` = ? AND `modResource`.`deleted` = ? )  
[2019-12-20 12:25:31] (ERROR in xPDOConnection::connect @ C:\Users\bogda\Downloads\OSPanel\domains\faywi\core\xpdo\xpdo.class.php : 3119) SQLSTATE[HY000] [1049] Unknown database 'faywi_bd'
[2019-12-20 12:25:31] (ERROR @ C:\Users\bogda\Downloads\OSPanel\domains\faywi\core\xpdo\om\xpdoobject.class.php : 263) Error preparing statement for query: SELECT `modResource`.* FROM `modx_site_content` AS `modResource` WHERE  ( `modResource`.`id` = ? AND `modResource`.`deleted` = ? )   - 
[2019-12-20 12:25:31] (ERROR in xPDOConnection::connect @ C:\Users\bogda\Downloads\OSPanel\domains\faywi\core\xpdo\xpdo.class.php : 3119) SQLSTATE[HY000] [1049] Unknown database 'faywi_bd'
[2019-12-20 12:25:31] (ERROR @ C:\Users\bogda\Downloads\OSPanel\domains\faywi\core\xpdo\om\xpdoquery.class.php : 652) Could not construct or prepare query because it is invalid or could not connect: SELECT `modSession`.`id` AS `modSession_id`, `modSession`.`access` AS `modSession_access`, `modSession`.`data` AS `modSession_data` FROM `modx_session` AS `modSession` WHERE `modSession`.`id` = ? 
[2019-12-20 12:25:31] (ERROR in xPDOConnection::connect @ C:\Users\bogda\Downloads\OSPanel\domains\faywi\core\xpdo\xpdo.class.php : 3119) SQLSTATE[HY000] [1049] Unknown database 'faywi_bd'
[2019-12-20 12:25:31] (ERROR @ C:\Users\bogda\Downloads\OSPanel\domains\faywi\core\xpdo\om\xpdoobject.class.php : 263) Error preparing statement for query: SELECT `modSession`.`id` AS `modSession_id`, `modSession`.`access` AS `modSession_access`, `modSession`.`data` AS `modSession_data` FROM `modx_session` AS `modSession` WHERE `modSession`.`id` = ?  - 
[2019-12-20 12:25:31] (ERROR in xPDOConnection::connect @ C:\Users\bogda\Downloads\OSPanel\domains\faywi\core\xpdo\xpdo.class.php : 3119) SQLSTATE[HY000] [1049] Unknown database 'faywi_bd'
[2019-12-20 12:25:31] (ERROR in xPDOConnection::connect @ C:\Users\bogda\Downloads\OSPanel\domains\faywi\core\xpdo\xpdo.class.php : 3119) SQLSTATE[HY000] [1049] Unknown database 'faywi_bd'
[2019-12-20 12:25:38] (ERROR in xPDOConnection::connect @ C:\Users\bogda\Downloads\OSPanel\domains\faywi\core\xpdo\xpdo.class.php : 3119) SQLSTATE[HY000] [1049] Unknown database 'faywi_bd'
[2019-12-20 12:25:38] (ERROR @ C:\Users\bogda\Downloads\OSPanel\domains\faywi\core\xpdo\om\xpdoquery.class.php : 652) Could not construct or prepare query because it is invalid or could not connect: SELECT `modExtensionPackage`.`id`, `modExtensionPackage`.`namespace`, `modExtensionPackage`.`name`, `modExtensionPackage`.`path`, `modExtensionPackage`.`table_prefix`, `modExtensionPackage`.`service_class`, `modExtensionPackage`.`service_name`, `modExtensionPackage`.`created_at`, `modExtensionPackage`.`updated_at`, Namespace.path AS namespace_path FROM `modx_extension_packages` AS `modExtensionPackage` JOIN `modx_namespaces` `Namespace` ON `modExtensionPackage`.`namespace` =  `Namespace`.`name` ORDER BY namespace ASC 
[2019-12-20 12:25:38] (ERROR in xPDOConnection::connect @ C:\Users\bogda\Downloads\OSPanel\domains\faywi\core\xpdo\xpdo.class.php : 3119) SQLSTATE[HY000] [1049] Unknown database 'faywi_bd'
[2019-12-20 12:25:38] (ERROR @ C:\Users\bogda\Downloads\OSPanel\domains\faywi\core\xpdo\om\xpdoquery.class.php : 652) Could not construct or prepare query because it is invalid or could not connect: SELECT `modSession`.`id` AS `modSession_id`, `modSession`.`access` AS `modSession_access`, `modSession`.`data` AS `modSession_data` FROM `modx_session` AS `modSession` WHERE `modSession`.`id` = ? 
[2019-12-20 12:25:38] (ERROR in xPDOConnection::connect @ C:\Users\bogda\Downloads\OSPanel\domains\faywi\core\xpdo\xpdo.class.php : 3119) SQLSTATE[HY000] [1049] Unknown database 'faywi_bd'
[2019-12-20 12:25:38] (ERROR @ C:\Users\bogda\Downloads\OSPanel\domains\faywi\core\xpdo\om\xpdoobject.class.php : 263) Error preparing statement for query: SELECT `modSession`.`id` AS `modSession_id`, `modSession`.`access` AS `modSession_access`, `modSession`.`data` AS `modSession_data` FROM `modx_session` AS `modSession` WHERE `modSession`.`id` = ?  - 
[2019-12-20 12:25:38] (ERROR in xPDOConnection::connect @ C:\Users\bogda\Downloads\OSPanel\domains\faywi\core\xpdo\xpdo.class.php : 3119) SQLSTATE[HY000] [1049] Unknown database 'faywi_bd'
[2019-12-20 12:25:38] (ERROR @ C:\Users\bogda\Downloads\OSPanel\domains\faywi\core\xpdo\om\xpdoquery.class.php : 652) Could not construct or prepare query because it is invalid or could not connect: SELECT `id` FROM `modx_site_content` AS `modResource` WHERE  ( `modResource`.`context_key` = ? AND `modResource`.`uri` = ? AND `modResource`.`deleted` = ? )  
[2019-12-20 12:25:38] (ERROR in xPDOConnection::connect @ C:\Users\bogda\Downloads\OSPanel\domains\faywi\core\xpdo\xpdo.class.php : 3119) SQLSTATE[HY000] [1049] Unknown database 'faywi_bd'
[2019-12-20 12:25:38] (ERROR @ C:\Users\bogda\Downloads\OSPanel\domains\faywi\core\xpdo\om\xpdoquery.class.php : 652) Could not construct or prepare query because it is invalid or could not connect: SELECT `id` FROM `modx_site_content` AS `modResource` WHERE  ( `modResource`.`context_key` = ? AND `modResource`.`uri` = ? AND `modResource`.`deleted` = ? )  
[2019-12-20 12:25:38] (ERROR in xPDOConnection::connect @ C:\Users\bogda\Downloads\OSPanel\domains\faywi\core\xpdo\xpdo.class.php : 3119) SQLSTATE[HY000] [1049] Unknown database 'faywi_bd'
[2019-12-20 12:25:38] (ERROR @ C:\Users\bogda\Downloads\OSPanel\domains\faywi\core\xpdo\om\xpdoquery.class.php : 652) Could not construct or prepare query because it is invalid or could not connect: SELECT modAccessContext.id, modAccessContext.target, modAccessContext.principal, modAccessContext.authority, modAccessContext.policy, Policy.data FROM `modx_access_context` AS `modAccessContext` LEFT JOIN `modx_access_policies` `Policy` ON `modAccessContext`.`policy` =  `Policy`.`id` WHERE  ( `modAccessContext`.`principal_class` = ? AND `modAccessContext`.`target` = ? )  ORDER BY modAccessContext.target,modAccessContext.principal,modAccessContext.authority,modAccessContext.policy ASC 
[2019-12-20 12:25:38] (ERROR in xPDOConnection::connect @ C:\Users\bogda\Downloads\OSPanel\domains\faywi\core\xpdo\xpdo.class.php : 3119) SQLSTATE[HY000] [1049] Unknown database 'faywi_bd'
[2019-12-20 12:25:38] (ERROR @ C:\Users\bogda\Downloads\OSPanel\domains\faywi\core\xpdo\om\xpdoobject.class.php : 263) Error preparing statement for query: SELECT modAccessContext.id, modAccessContext.target, modAccessContext.principal, modAccessContext.authority, modAccessContext.policy, Policy.data FROM `modx_access_context` AS `modAccessContext` LEFT JOIN `modx_access_policies` `Policy` ON `modAccessContext`.`policy` =  `Policy`.`id` WHERE  ( `modAccessContext`.`principal_class` = ? AND `modAccessContext`.`target` = ? )  ORDER BY modAccessContext.target,modAccessContext.principal,modAccessContext.authority,modAccessContext.policy ASC  - 
[2019-12-20 12:25:38] (ERROR in xPDOConnection::connect @ C:\Users\bogda\Downloads\OSPanel\domains\faywi\core\xpdo\xpdo.class.php : 3119) SQLSTATE[HY000] [1049] Unknown database 'faywi_bd'
[2019-12-20 12:25:38] (ERROR @ C:\Users\bogda\Downloads\OSPanel\domains\faywi\core\xpdo\om\xpdoquery.class.php : 652) Could not construct or prepare query because it is invalid or could not connect: SELECT `modResource`.* FROM `modx_site_content` AS `modResource` WHERE  ( `modResource`.`id` = ? AND `modResource`.`deleted` = ? )  
[2019-12-20 12:25:38] (ERROR in xPDOConnection::connect @ C:\Users\bogda\Downloads\OSPanel\domains\faywi\core\xpdo\xpdo.class.php : 3119) SQLSTATE[HY000] [1049] Unknown database 'faywi_bd'
[2019-12-20 12:25:38] (ERROR @ C:\Users\bogda\Downloads\OSPanel\domains\faywi\core\xpdo\om\xpdoobject.class.php : 263) Error preparing statement for query: SELECT `modResource`.* FROM `modx_site_content` AS `modResource` WHERE  ( `modResource`.`id` = ? AND `modResource`.`deleted` = ? )   - 
[2019-12-20 12:25:38] (ERROR in xPDOConnection::connect @ C:\Users\bogda\Downloads\OSPanel\domains\faywi\core\xpdo\xpdo.class.php : 3119) SQLSTATE[HY000] [1049] Unknown database 'faywi_bd'
[2019-12-20 12:25:38] (ERROR @ C:\Users\bogda\Downloads\OSPanel\domains\faywi\core\xpdo\om\xpdoquery.class.php : 652) Could not construct or prepare query because it is invalid or could not connect: SELECT `modSession`.`id` AS `modSession_id`, `modSession`.`access` AS `modSession_access`, `modSession`.`data` AS `modSession_data` FROM `modx_session` AS `modSession` WHERE `modSession`.`id` = ? 
[2019-12-20 12:25:38] (ERROR in xPDOConnection::connect @ C:\Users\bogda\Downloads\OSPanel\domains\faywi\core\xpdo\xpdo.class.php : 3119) SQLSTATE[HY000] [1049] Unknown database 'faywi_bd'
[2019-12-20 12:25:38] (ERROR @ C:\Users\bogda\Downloads\OSPanel\domains\faywi\core\xpdo\om\xpdoobject.class.php : 263) Error preparing statement for query: SELECT `modSession`.`id` AS `modSession_id`, `modSession`.`access` AS `modSession_access`, `modSession`.`data` AS `modSession_data` FROM `modx_session` AS `modSession` WHERE `modSession`.`id` = ?  - 
[2019-12-20 12:25:38] (ERROR in xPDOConnection::connect @ C:\Users\bogda\Downloads\OSPanel\domains\faywi\core\xpdo\xpdo.class.php : 3119) SQLSTATE[HY000] [1049] Unknown database 'faywi_bd'
[2019-12-20 12:25:38] (ERROR in xPDOConnection::connect @ C:\Users\bogda\Downloads\OSPanel\domains\faywi\core\xpdo\xpdo.class.php : 3119) SQLSTATE[HY000] [1049] Unknown database 'faywi_bd'
[2019-12-20 12:27:13] (ERROR in xPDOConnection::connect @ C:\Users\bogda\Downloads\OSPanel\domains\faywi\core\xpdo\xpdo.class.php : 3119) SQLSTATE[HY000] [1049] Unknown database 'faywi_bd'
[2019-12-20 12:27:13] (ERROR @ C:\Users\bogda\Downloads\OSPanel\domains\faywi\core\xpdo\om\xpdoquery.class.php : 652) Could not construct or prepare query because it is invalid or could not connect: SELECT `modExtensionPackage`.`id`, `modExtensionPackage`.`namespace`, `modExtensionPackage`.`name`, `modExtensionPackage`.`path`, `modExtensionPackage`.`table_prefix`, `modExtensionPackage`.`service_class`, `modExtensionPackage`.`service_name`, `modExtensionPackage`.`created_at`, `modExtensionPackage`.`updated_at`, Namespace.path AS namespace_path FROM `modx_extension_packages` AS `modExtensionPackage` JOIN `modx_namespaces` `Namespace` ON `modExtensionPackage`.`namespace` =  `Namespace`.`name` ORDER BY namespace ASC 
[2019-12-20 12:27:13] (ERROR in xPDOConnection::connect @ C:\Users\bogda\Downloads\OSPanel\domains\faywi\core\xpdo\xpdo.class.php : 3119) SQLSTATE[HY000] [1049] Unknown database 'faywi_bd'
[2019-12-20 12:27:13] (ERROR @ C:\Users\bogda\Downloads\OSPanel\domains\faywi\core\xpdo\om\xpdoquery.class.php : 652) Could not construct or prepare query because it is invalid or could not connect: SELECT `modSession`.`id` AS `modSession_id`, `modSession`.`access` AS `modSession_access`, `modSession`.`data` AS `modSession_data` FROM `modx_session` AS `modSession` WHERE `modSession`.`id` = ? 
[2019-12-20 12:27:13] (ERROR in xPDOConnection::connect @ C:\Users\bogda\Downloads\OSPanel\domains\faywi\core\xpdo\xpdo.class.php : 3119) SQLSTATE[HY000] [1049] Unknown database 'faywi_bd'
[2019-12-20 12:27:13] (ERROR @ C:\Users\bogda\Downloads\OSPanel\domains\faywi\core\xpdo\om\xpdoobject.class.php : 263) Error preparing statement for query: SELECT `modSession`.`id` AS `modSession_id`, `modSession`.`access` AS `modSession_access`, `modSession`.`data` AS `modSession_data` FROM `modx_session` AS `modSession` WHERE `modSession`.`id` = ?  - 
[2019-12-20 12:27:13] (ERROR in xPDOConnection::connect @ C:\Users\bogda\Downloads\OSPanel\domains\faywi\core\xpdo\xpdo.class.php : 3119) SQLSTATE[HY000] [1049] Unknown database 'faywi_bd'
[2019-12-20 12:27:13] (ERROR @ C:\Users\bogda\Downloads\OSPanel\domains\faywi\core\xpdo\om\xpdoquery.class.php : 652) Could not construct or prepare query because it is invalid or could not connect: SELECT modAccessContext.id, modAccessContext.target, modAccessContext.principal, modAccessContext.authority, modAccessContext.policy, Policy.data FROM `modx_access_context` AS `modAccessContext` LEFT JOIN `modx_access_policies` `Policy` ON `modAccessContext`.`policy` =  `Policy`.`id` WHERE  ( `modAccessContext`.`principal_class` = ? AND `modAccessContext`.`target` = ? )  ORDER BY modAccessContext.target,modAccessContext.principal,modAccessContext.authority,modAccessContext.policy ASC 
[2019-12-20 12:27:13] (ERROR in xPDOConnection::connect @ C:\Users\bogda\Downloads\OSPanel\domains\faywi\core\xpdo\xpdo.class.php : 3119) SQLSTATE[HY000] [1049] Unknown database 'faywi_bd'
[2019-12-20 12:27:13] (ERROR @ C:\Users\bogda\Downloads\OSPanel\domains\faywi\core\xpdo\om\xpdoobject.class.php : 263) Error preparing statement for query: SELECT modAccessContext.id, modAccessContext.target, modAccessContext.principal, modAccessContext.authority, modAccessContext.policy, Policy.data FROM `modx_access_context` AS `modAccessContext` LEFT JOIN `modx_access_policies` `Policy` ON `modAccessContext`.`policy` =  `Policy`.`id` WHERE  ( `modAccessContext`.`principal_class` = ? AND `modAccessContext`.`target` = ? )  ORDER BY modAccessContext.target,modAccessContext.principal,modAccessContext.authority,modAccessContext.policy ASC  - 
[2019-12-20 12:27:13] (ERROR in xPDOConnection::connect @ C:\Users\bogda\Downloads\OSPanel\domains\faywi\core\xpdo\xpdo.class.php : 3119) SQLSTATE[HY000] [1049] Unknown database 'faywi_bd'
[2019-12-20 12:27:13] (ERROR @ C:\Users\bogda\Downloads\OSPanel\domains\faywi\core\xpdo\om\xpdoquery.class.php : 652) Could not construct or prepare query because it is invalid or could not connect: SELECT `modResource`.* FROM `modx_site_content` AS `modResource` WHERE  ( `modResource`.`id` = ? AND `modResource`.`deleted` = ? )  
[2019-12-20 12:27:13] (ERROR in xPDOConnection::connect @ C:\Users\bogda\Downloads\OSPanel\domains\faywi\core\xpdo\xpdo.class.php : 3119) SQLSTATE[HY000] [1049] Unknown database 'faywi_bd'
[2019-12-20 12:27:13] (ERROR @ C:\Users\bogda\Downloads\OSPanel\domains\faywi\core\xpdo\om\xpdoobject.class.php : 263) Error preparing statement for query: SELECT `modResource`.* FROM `modx_site_content` AS `modResource` WHERE  ( `modResource`.`id` = ? AND `modResource`.`deleted` = ? )   - 
[2019-12-20 12:27:13] (ERROR in xPDOConnection::connect @ C:\Users\bogda\Downloads\OSPanel\domains\faywi\core\xpdo\xpdo.class.php : 3119) SQLSTATE[HY000] [1049] Unknown database 'faywi_bd'
[2019-12-20 12:27:13] (ERROR @ C:\Users\bogda\Downloads\OSPanel\domains\faywi\core\xpdo\om\xpdoquery.class.php : 652) Could not construct or prepare query because it is invalid or could not connect: SELECT `modResource`.* FROM `modx_site_content` AS `modResource` WHERE  ( `modResource`.`id` = ? AND `modResource`.`deleted` = ? )  
[2019-12-20 12:27:13] (ERROR in xPDOConnection::connect @ C:\Users\bogda\Downloads\OSPanel\domains\faywi\core\xpdo\xpdo.class.php : 3119) SQLSTATE[HY000] [1049] Unknown database 'faywi_bd'
[2019-12-20 12:27:13] (ERROR @ C:\Users\bogda\Downloads\OSPanel\domains\faywi\core\xpdo\om\xpdoobject.class.php : 263) Error preparing statement for query: SELECT `modResource`.* FROM `modx_site_content` AS `modResource` WHERE  ( `modResource`.`id` = ? AND `modResource`.`deleted` = ? )   - 
[2019-12-20 12:27:13] (ERROR in xPDOConnection::connect @ C:\Users\bogda\Downloads\OSPanel\domains\faywi\core\xpdo\xpdo.class.php : 3119) SQLSTATE[HY000] [1049] Unknown database 'faywi_bd'
[2019-12-20 12:27:13] (ERROR @ C:\Users\bogda\Downloads\OSPanel\domains\faywi\core\xpdo\om\xpdoquery.class.php : 652) Could not construct or prepare query because it is invalid or could not connect: SELECT `modSession`.`id` AS `modSession_id`, `modSession`.`access` AS `modSession_access`, `modSession`.`data` AS `modSession_data` FROM `modx_session` AS `modSession` WHERE `modSession`.`id` = ? 
[2019-12-20 12:27:13] (ERROR in xPDOConnection::connect @ C:\Users\bogda\Downloads\OSPanel\domains\faywi\core\xpdo\xpdo.class.php : 3119) SQLSTATE[HY000] [1049] Unknown database 'faywi_bd'
[2019-12-20 12:27:13] (ERROR @ C:\Users\bogda\Downloads\OSPanel\domains\faywi\core\xpdo\om\xpdoobject.class.php : 263) Error preparing statement for query: SELECT `modSession`.`id` AS `modSession_id`, `modSession`.`access` AS `modSession_access`, `modSession`.`data` AS `modSession_data` FROM `modx_session` AS `modSession` WHERE `modSession`.`id` = ?  - 
[2019-12-20 12:27:13] (ERROR in xPDOConnection::connect @ C:\Users\bogda\Downloads\OSPanel\domains\faywi\core\xpdo\xpdo.class.php : 3119) SQLSTATE[HY000] [1049] Unknown database 'faywi_bd'
[2019-12-20 12:27:13] (ERROR in xPDOConnection::connect @ C:\Users\bogda\Downloads\OSPanel\domains\faywi\core\xpdo\xpdo.class.php : 3119) SQLSTATE[HY000] [1049] Unknown database 'faywi_bd'
